<?xml version="1.0" encoding="utf-8"?><testsuites name="pytest tests"><testsuite name="pytest" errors="0" failures="0" skipped="0" tests="10" time="1.001" timestamp="2026-05-13T17:23:52.878792+00:00" hostname="agent-env-2472eddb-dc5f-48a7-a753-1f1b8a5cd54f"><testcase classname="backend.tests.backend_test.TestHealth" name="test_health_endpoint" time="0.220" /><testcase classname="backend.tests.backend_test.TestContact" name="test_create_contact_valid" time="0.058" /><testcase classname="backend.tests.backend_test.TestContact" name="test_create_contact_invalid_email" time="0.061" /><testcase classname="backend.tests.backend_test.TestContact" name="test_create_contact_missing_name" time="0.052" /><testcase classname="backend.tests.backend_test.TestContact" name="test_create_contact_missing_email" time="0.056" /><testcase classname="backend.tests.backend_test.TestContact" name="test_create_contact_missing_message" time="0.052" /><testcase classname="backend.tests.backend_test.TestContact" name="test_list_contact_excludes_id" time="0.107" /><testcase classname="backend.tests.backend_test.TestBooking" name="test_create_booking_valid" time="0.051" /><testcase classname="backend.tests.backend_test.TestBooking" name="test_create_booking_invalid_email" time="0.057" /><testcase classname="backend.tests.backend_test.TestBooking" name="test_list_booking_excludes_id" time="0.054" /></testsuite></testsuites>